<?xml version="1.0" encoding="UTF-8"?>
<!-- Generated by org.testng.reporters.JUnitReportReporter -->
<testsuite hostname="CAP-LAP-803" name="Engine.testngTestRunner" tests="1" failures="0" timestamp="3 May 2017 12:51:31 GMT" time="0.483" errors="0">
  <testcase name="run_cukes" time="0.483" classname="Engine.testngTestRunner"/>
</testsuite> <!-- Engine.testngTestRunner -->
