<?xml version="1.0" encoding="UTF-8"?>
<!-- Generated by org.testng.reporters.JUnitReportReporter -->
<testsuite hostname="CAP-LAP-803" name="Engine.testNGTestRunnerCampaign" tests="1" failures="0" timestamp="8 May 2017 08:57:09 GMT" time="3.885" errors="0">
  <testcase name="run_cukes" time="3.885" classname="Engine.testNGTestRunnerCampaign"/>
</testsuite> <!-- Engine.testNGTestRunnerCampaign -->
