<?xml version="1.0" encoding="UTF-8"?>
<!-- Generated by org.testng.reporters.JUnitReportReporter -->
<testsuite hostname="CAP-LAP-803" name="Engine.testngTestRunnerCCMS" tests="1" failures="0" timestamp="4 May 2017 10:06:42 GMT" time="7.802" errors="0">
  <testcase name="run_cukes" time="7.802" classname="Engine.testngTestRunnerCCMS"/>
</testsuite> <!-- Engine.testngTestRunnerCCMS -->
