<?xml version="1.0" encoding="UTF-8"?>
<!-- Generated by org.testng.reporters.JUnitReportReporter -->
<testsuite hostname="CAP-LAP-803" name="Engine.testNGTestRunnerCampaign" tests="1" failures="0" timestamp="9 May 2017 07:11:35 GMT" time="2.951" errors="0">
  <testcase name="run_cukes" time="2.951" classname="Engine.testNGTestRunnerCampaign"/>
</testsuite> <!-- Engine.testNGTestRunnerCampaign -->
