<?xml version="1.0" encoding="UTF-8"?>
<!-- Generated by org.testng.reporters.JUnitReportReporter -->
<testsuite hostname="CAP-LAP-803" name="Engine.testNGTestRunnerCampaign" tests="1" failures="0" timestamp="4 May 2017 09:48:30 GMT" time="13.587" errors="0">
  <testcase name="run_cukes" time="13.587" classname="Engine.testNGTestRunnerCampaign"/>
</testsuite> <!-- Engine.testNGTestRunnerCampaign -->
